2023-01-28 23:16:20,280:INFO:PyCaret Supervised Module
2023-01-28 23:16:20,280:INFO:ML Usecase: classification
2023-01-28 23:16:20,280:INFO:version 2.2.3
2023-01-28 23:16:20,280:INFO:Initializing setup()
2023-01-28 23:16:20,280:INFO:setup(target=churn, ml_usecase=classification, available_plots={'parameter': 'Hyperparameters', 'auc': 'AUC', 'confusion_matrix': 'Confusion Matrix', 'threshold': 'Threshold', 'pr': 'Precision Recall', 'error': 'Prediction Error', 'class_report': 'Class Report', 'rfe': 'Feature Selection', 'learning': 'Learning Curve', 'manifold': 'Manifold Learning', 'calibration': 'Calibration Curve', 'vc': 'Validation Curve', 'dimension': 'Dimensions', 'feature': 'Feature Importance', 'feature_all': 'Feature Importance (All)', 'boundary': 'Decision Boundary', 'lift': 'Lift Chart', 'gain': 'Gain Chart', 'tree': 'Decision Tree'}, train_size=0.7, test_data=None, preprocess=True, imputation_type=simple, iterative_imputation_iters=5, categorical_features=None, categorical_imputation=constant, categorical_iterative_imputer=lightgbm, ordinal_features=None, high_cardinality_features=None, high_cardinality_method=frequency, numeric_features=None, numeric_imputation=mean, numeric_iterative_imputer=lightgbm, date_features=None, ignore_features=None, normalize=False, normalize_method=zscore, transformation=False, transformation_method=yeo-johnson, handle_unknown_categorical=True, unknown_categorical_method=least_frequent, pca=False, pca_method=linear, pca_components=None, ignore_low_variance=False, combine_rare_levels=False, rare_level_threshold=0.1, bin_numeric_features=None, remove_outliers=False, outliers_threshold=0.05, remove_multicollinearity=False, multicollinearity_threshold=0.9, remove_perfect_collinearity=True, create_clusters=False, cluster_iter=20, polynomial_features=False, polynomial_degree=2, trigonometry_features=False, polynomial_threshold=0.1, group_features=None, group_names=None, feature_selection=False, feature_selection_threshold=0.8, feature_selection_method=classic, feature_interaction=False, feature_ratio=False, interaction_threshold=0.01, fix_imbalance=False, fix_imbalance_method=None, transform_target=False, transform_target_method=box-cox, data_split_shuffle=True, data_split_stratify=False, fold_strategy=stratifiedkfold, fold=10, fold_shuffle=False, fold_groups=None, n_jobs=-1, use_gpu=False, custom_pipeline=None, html=True, session_id=123, log_experiment=False, experiment_name=None, log_plots=False, log_profile=False, log_data=False, silent=False, verbose=True, profile=False, profile_kwargs=None, display=None)
2023-01-28 23:16:20,280:INFO:Checking environment
2023-01-28 23:16:20,280:INFO:python_version: 3.9.15
2023-01-28 23:16:20,280:INFO:python_build: ('main', 'Nov  4 2022 11:11:31')
2023-01-28 23:16:20,280:INFO:machine: x86_64
2023-01-28 23:16:20,280:INFO:platform: macOS-10.16-x86_64-i386-64bit
2023-01-28 23:16:20,280:INFO:Memory: svmem(total=17179869184, available=1547026432, percent=91.0, used=1567506432, free=393334784, active=1155145728, inactive=1133137920, wired=412360704)
2023-01-28 23:16:20,280:INFO:Physical Core: 8
2023-01-28 23:16:20,280:INFO:Logical Core: 8
2023-01-28 23:16:20,280:INFO:Checking libraries
2023-01-28 23:16:20,280:INFO:pd==1.5.2
2023-01-28 23:16:20,280:INFO:numpy==1.21.5
2023-01-28 23:16:20,280:INFO:sklearn==1.0.2
2023-01-28 23:16:20,280:INFO:xgboost==1.5.0
2023-01-28 23:16:20,280:INFO:lightgbm==3.2.1
2023-01-28 23:16:22,149:INFO:catboost==1.0.6
2023-01-28 23:16:24,212:INFO:mlflow==1.26.1
2023-01-28 23:16:24,214:INFO:Checking Exceptions
2023-01-28 23:16:24,215:INFO:Declaring global variables
2023-01-28 23:16:24,215:INFO:USI: e389
2023-01-28 23:16:24,215:INFO:pycaret_globals: {'target_param', 'gpu_param', 'logging_param', 'USI', 'create_model_container', 'fold_param', 'fix_imbalance_param', 'X_train', 'imputation_regressor', 'y', 'data_before_preprocess', 'pycaret_globals', '_available_plots', 'transform_target_method_param', 'fold_generator', 'log_plots_param', '_ml_usecase', '_internal_pipeline', 'fold_shuffle_param', 'y_test', 'X_test', 'seed', 'experiment__', 'imputation_classifier', 'n_jobs_param', '_all_models_internal', 'display_container', 'transform_target_param', '_gpu_n_jobs_param', '_all_metrics', 'fix_imbalance_method_param', 'exp_name_log', 'iterative_imputation_iters_param', '_all_models', 'master_model_container', 'X', 'html_param', 'prep_pipe', 'fold_groups_param', 'stratify_param', 'y_train'}
2023-01-28 23:16:24,215:INFO:Preparing display monitor
2023-01-28 23:16:24,215:INFO:Preparing display monitor
2023-01-28 23:16:24,222:INFO:Importing libraries
2023-01-28 23:16:24,222:INFO:Copying data for preprocessing
2023-01-28 23:16:24,265:INFO:Declaring preprocessing parameters
2023-01-28 23:16:24,295:INFO:Creating preprocessing pipeline
2023-01-28 23:16:24,908:INFO:Preprocessing pipeline created successfully
2023-01-28 23:16:24,908:ERROR:(Process Exit): setup has been interupted with user command 'quit'. setup must rerun.
2023-01-28 23:16:24,908:INFO:Creating global containers
2023-01-28 23:20:26,321:INFO:PyCaret Supervised Module
2023-01-28 23:20:26,322:INFO:ML Usecase: classification
2023-01-28 23:20:26,322:INFO:version 2.2.3
2023-01-28 23:20:26,322:INFO:Initializing setup()
2023-01-28 23:20:26,322:INFO:setup(target=churn, ml_usecase=classification, available_plots={'parameter': 'Hyperparameters', 'auc': 'AUC', 'confusion_matrix': 'Confusion Matrix', 'threshold': 'Threshold', 'pr': 'Precision Recall', 'error': 'Prediction Error', 'class_report': 'Class Report', 'rfe': 'Feature Selection', 'learning': 'Learning Curve', 'manifold': 'Manifold Learning', 'calibration': 'Calibration Curve', 'vc': 'Validation Curve', 'dimension': 'Dimensions', 'feature': 'Feature Importance', 'feature_all': 'Feature Importance (All)', 'boundary': 'Decision Boundary', 'lift': 'Lift Chart', 'gain': 'Gain Chart', 'tree': 'Decision Tree'}, train_size=0.7, test_data=None, preprocess=True, imputation_type=simple, iterative_imputation_iters=5, categorical_features=None, categorical_imputation=constant, categorical_iterative_imputer=lightgbm, ordinal_features=None, high_cardinality_features=None, high_cardinality_method=frequency, numeric_features=None, numeric_imputation=mean, numeric_iterative_imputer=lightgbm, date_features=None, ignore_features=None, normalize=False, normalize_method=zscore, transformation=False, transformation_method=yeo-johnson, handle_unknown_categorical=True, unknown_categorical_method=least_frequent, pca=False, pca_method=linear, pca_components=None, ignore_low_variance=False, combine_rare_levels=False, rare_level_threshold=0.1, bin_numeric_features=None, remove_outliers=False, outliers_threshold=0.05, remove_multicollinearity=False, multicollinearity_threshold=0.9, remove_perfect_collinearity=True, create_clusters=False, cluster_iter=20, polynomial_features=False, polynomial_degree=2, trigonometry_features=False, polynomial_threshold=0.1, group_features=None, group_names=None, feature_selection=False, feature_selection_threshold=0.8, feature_selection_method=classic, feature_interaction=False, feature_ratio=False, interaction_threshold=0.01, fix_imbalance=False, fix_imbalance_method=None, transform_target=False, transform_target_method=box-cox, data_split_shuffle=True, data_split_stratify=False, fold_strategy=stratifiedkfold, fold=10, fold_shuffle=True, fold_groups=None, n_jobs=-1, use_gpu=False, custom_pipeline=None, html=True, session_id=123, log_experiment=False, experiment_name=None, log_plots=False, log_profile=False, log_data=False, silent=False, verbose=True, profile=False, profile_kwargs=None, display=None)
2023-01-28 23:20:26,322:INFO:Checking environment
2023-01-28 23:20:26,322:INFO:python_version: 3.9.15
2023-01-28 23:20:26,322:INFO:python_build: ('main', 'Nov  4 2022 11:11:31')
2023-01-28 23:20:26,322:INFO:machine: x86_64
2023-01-28 23:20:26,322:INFO:platform: macOS-10.16-x86_64-i386-64bit
2023-01-28 23:20:26,322:INFO:Memory: svmem(total=17179869184, available=1459687424, percent=91.5, used=1760002048, free=138600448, active=1324687360, inactive=1280647168, wired=435314688)
2023-01-28 23:20:26,322:INFO:Physical Core: 8
2023-01-28 23:20:26,322:INFO:Logical Core: 8
2023-01-28 23:20:26,322:INFO:Checking libraries
2023-01-28 23:20:26,322:INFO:pd==1.5.2
2023-01-28 23:20:26,322:INFO:numpy==1.21.5
2023-01-28 23:20:26,322:INFO:sklearn==1.0.2
2023-01-28 23:20:26,322:INFO:xgboost==1.5.0
2023-01-28 23:20:26,322:INFO:lightgbm==3.2.1
2023-01-28 23:20:26,322:INFO:catboost==1.0.6
2023-01-28 23:20:26,322:INFO:mlflow==1.26.1
2023-01-28 23:20:26,322:INFO:Checking Exceptions
2023-01-28 23:20:26,322:INFO:Declaring global variables
2023-01-28 23:20:26,322:INFO:USI: 7cf4
2023-01-28 23:20:26,322:INFO:pycaret_globals: {'target_param', 'gpu_param', 'logging_param', 'USI', 'create_model_container', 'fold_param', 'fix_imbalance_param', 'X_train', 'imputation_regressor', 'y', 'data_before_preprocess', 'pycaret_globals', '_available_plots', 'transform_target_method_param', 'fold_generator', 'log_plots_param', '_ml_usecase', '_internal_pipeline', 'fold_shuffle_param', 'y_test', 'X_test', 'seed', 'experiment__', 'imputation_classifier', 'n_jobs_param', '_all_models_internal', 'display_container', 'transform_target_param', '_gpu_n_jobs_param', '_all_metrics', 'fix_imbalance_method_param', 'exp_name_log', 'iterative_imputation_iters_param', '_all_models', 'master_model_container', 'X', 'html_param', 'prep_pipe', 'fold_groups_param', 'stratify_param', 'y_train'}
2023-01-28 23:20:26,322:INFO:Preparing display monitor
2023-01-28 23:20:26,322:INFO:Preparing display monitor
2023-01-28 23:20:26,372:INFO:Importing libraries
2023-01-28 23:20:26,372:INFO:Copying data for preprocessing
2023-01-28 23:20:26,400:INFO:Declaring preprocessing parameters
2023-01-28 23:20:26,435:INFO:Creating preprocessing pipeline
2023-01-28 23:20:27,072:INFO:Preprocessing pipeline created successfully
2023-01-28 23:20:27,073:ERROR:(Process Exit): setup has been interupted with user command 'quit'. setup must rerun.
2023-01-28 23:20:27,073:INFO:Creating global containers
2023-01-28 23:20:27,079:INFO:Internal pipeline: Pipeline(memory=None, steps=[('empty_step', 'passthrough')], verbose=False)
2023-01-29 10:41:10,670:INFO:Creating grid variables
2023-01-29 10:41:10,690:INFO:create_model_container: 0
2023-01-29 10:41:10,690:INFO:master_model_container: 0
2023-01-29 10:41:10,690:INFO:display_container: 1
